[2025-10-21 02:47:40] == Certus P2.9 Diagnostic Run ==
Repo: /workspaces/certus
[2025-10-21 02:47:40] Normalizing line endings for *.sh and key *.py ...
[2025-10-21 02:47:40] Python: Python 3.12.1
[2025-10-21 02:47:40] Pip top pkgs:
  sys.executable: /home/codespace/.python/current/bin/python
  has duckdb: True
  has pandas: True
[2025-10-21 02:47:41] Checking DuckDB + markets table ...
[check] tables: ['indicators', 'indicators_history', 'latest_signals', 'markets', 'scores_history', 'signals']
[check] markets rows: 549
[2025-10-21 02:47:41] Starting phased run (will NOT close on first failure) ...
[2025-10-21 02:47:41] ---- RUN: calc_indicators.py ----
+ python scripts/calc_indicators.py
Traceback (most recent call last):
  File "/workspaces/certus/scripts/calc_indicators.py", line 3, in <module>
    from certus.analytics.indicators import compute_indicators
ModuleNotFoundError: No module named 'certus'
++ on_err
++ local exit_code=1
++ echo ''

+++ ts
+++ date '+%Y-%m-%d %H:%M:%S'
++ echo '[2025-10-21 02:47:42] ERROR: Script aborted (exit 1). See logs/p29_20251021_024740.log for full trace.'
[2025-10-21 02:47:42] ERROR: Script aborted (exit 1). See logs/p29_20251021_024740.log for full trace.
++ echo 'Tip: re-run with: bash -x scripts/debug_run.sh 2>&1 | tee logs/p29_20251021_024740.log'
Tip: re-run with: bash -x scripts/debug_run.sh 2>&1 | tee logs/p29_20251021_024740.log
++ exit 1
